Loading required package: methods
Reaction Time Analysis (version 0.1-2)
Loading required package: ggplot2
Loading required package: StanHeaders
rstan (Version 2.12.1, packaged: 2016-09-11 13:07:50 UTC, GitRev: 85f7a56811da)
For execution on a local, multicore CPU with excess RAM we recommend calling
rstan_options(auto_write = TRUE)
options(mc.cores = parallel::detectCores())
Warning messages:
1: Removed 92 rows containing non-finite values (stat_bin). 
2: Removed 6 rows containing missing values (geom_path). 
    mu: -0.7781 
 sigma: 0.2198 
   tau: 0.7781 
---
 logLik: -8510.7757  AIC: 17027.5514 
starting worker pid=17221 on localhost:11101 at 10:19:27.619
starting worker pid=17229 on localhost:11101 at 10:19:27.802
starting worker pid=17237 on localhost:11101 at 10:19:27.987
starting worker pid=17245 on localhost:11101 at 10:19:28.172

SAMPLING FOR MODEL 'fixEf_AllAges_and_Conds_transf_expt2_beta' NOW (CHAIN 1).

SAMPLING FOR MODEL 'fixEf_AllAges_and_Conds_transf_expt2_beta' NOW (CHAIN 2).

SAMPLING FOR MODEL 'fixEf_AllAges_and_Conds_transf_expt2_beta' NOW (CHAIN 3).

SAMPLING FOR MODEL 'fixEf_AllAges_and_Conds_transf_expt2_beta' NOW (CHAIN 4).

Chain 2, Iteration:    1 / 2000 [  0%]  (Warmup)
Chain 1, Iteration:    1 / 2000 [  0%]  (Warmup)
Chain 3, Iteration:    1 / 2000 [  0%]  (Warmup)
Chain 4, Iteration:    1 / 2000 [  0%]  (Warmup)
Chain 4, Iteration:  200 / 2000 [ 10%]  (Warmup)
Chain 4, Iteration:  400 / 2000 [ 20%]  (Warmup)
Chain 1, Iteration:  200 / 2000 [ 10%]  (Warmup)
Chain 2, Iteration:  200 / 2000 [ 10%]  (Warmup)
Chain 3, Iteration:  200 / 2000 [ 10%]  (Warmup)
Chain 1, Iteration:  400 / 2000 [ 20%]  (Warmup)
Chain 4, Iteration:  600 / 2000 [ 30%]  (Warmup)
Chain 3, Iteration:  400 / 2000 [ 20%]  (Warmup)
Chain 4, Iteration:  800 / 2000 [ 40%]  (Warmup)
Chain 1, Iteration:  600 / 2000 [ 30%]  (Warmup)
Chain 3, Iteration:  600 / 2000 [ 30%]  (Warmup)
Chain 2, Iteration:  400 / 2000 [ 20%]  (Warmup)
Chain 4, Iteration: 1000 / 2000 [ 50%]  (Warmup)
Chain 4, Iteration: 1001 / 2000 [ 50%]  (Sampling)
Chain 4, Iteration: 1200 / 2000 [ 60%]  (Sampling)
Chain 4, Iteration: 1400 / 2000 [ 70%]  (Sampling)
Chain 1, Iteration:  800 / 2000 [ 40%]  (Warmup)
Chain 3, Iteration:  800 / 2000 [ 40%]  (Warmup)
Chain 2, Iteration:  600 / 2000 [ 30%]  (Warmup)
Chain 4, Iteration: 1600 / 2000 [ 80%]  (Sampling)
Chain 3, Iteration: 1000 / 2000 [ 50%]  (Warmup)
Chain 3, Iteration: 1001 / 2000 [ 50%]  (Sampling)
Chain 1, Iteration: 1000 / 2000 [ 50%]  (Warmup)
Chain 1, Iteration: 1001 / 2000 [ 50%]  (Sampling)
Chain 3, Iteration: 1200 / 2000 [ 60%]  (Sampling)
Chain 3, Iteration: 1400 / 2000 [ 70%]  (Sampling)
Chain 2, Iteration:  800 / 2000 [ 40%]  (Warmup)
Chain 3, Iteration: 1600 / 2000 [ 80%]  (Sampling)
Chain 4, Iteration: 1800 / 2000 [ 90%]  (Sampling)
Chain 1, Iteration: 1200 / 2000 [ 60%]  (Sampling)
Chain 3, Iteration: 1800 / 2000 [ 90%]  (Sampling)